SF:lib/core/service/daily_words_repository.dart
DA:11,1
DA:15,1
DA:21,0
DA:42,0
DA:43,0
DA:45,0
DA:46,0
DA:48,0
DA:50,0
DA:51,0
DA:52,0
DA:54,0
DA:59,0
DA:60,0
DA:61,0
DA:65,0
DA:67,0
DA:68,0
DA:69,0
DA:70,0
DA:77,0
DA:78,0
DA:79,0
DA:81,0
DA:82,0
DA:83,0
DA:85,0
DA:86,0
DA:87,0
DA:88,0
LF:30
LH:2
end_of_record
SF:lib/core/service/vocabulary.dart
DA:2936,0
LF:1
LH:0
end_of_record
SF:lib/core/domain/dbase.dart
DA:11,0
DA:12,0
DA:13,0
DA:14,0
DA:17,0
DA:19,0
DA:22,0
DA:24,0
DA:25,0
DA:28,0
DA:31,0
DA:32,0
DA:36,0
DA:37,0
DA:42,0
DA:43,0
DA:44,0
DA:48,0
DA:55,0
DA:56,0
DA:57,0
DA:59,0
DA:61,0
DA:63,0
DA:67,0
DA:72,0
DA:73,0
DA:74,0
DA:75,0
DA:76,0
DA:81,0
DA:82,0
DA:83,0
DA:84,0
DA:85,0
DA:90,0
DA:91,0
DA:92,0
DA:93,0
DA:99,0
DA:100,0
DA:101,0
DA:102,0
DA:103,0
DA:104,0
DA:105,0
DA:106,0
DA:113,0
DA:115,0
LF:49
LH:0
end_of_record
SF:lib/core/model/word_translation_model.dart
DA:2,0
DA:6,0
DA:12,0
DA:13,0
DA:14,0
DA:15,0
DA:19,0
DA:24,0
DA:25,0
DA:26,0
DA:27,0
DA:31,0
DA:34,0
DA:35,0
DA:36,0
DA:37,0
DA:38,0
DA:40,0
DA:41,0
LF:19
LH:0
end_of_record
SF:lib/core/model/word_with_answers.dart
DA:6,6
LF:1
LH:1
end_of_record
SF:lib/core/service/dbase_service.dart
DA:6,0
DA:10,0
DA:11,0
DA:12,0
DA:13,0
DA:15,0
DA:21,0
DA:22,0
DA:25,0
DA:26,0
DA:29,0
DA:30,0
DA:31,0
DA:32,0
DA:33,0
DA:34,0
DA:37,0
DA:42,0
DA:43,0
DA:44,0
DA:47,0
DA:50,0
DA:51,0
DA:52,0
DA:58,0
DA:59,0
DA:60,0
DA:63,0
DA:64,0
DA:70,0
DA:71,0
DA:72,0
DA:75,0
LF:33
LH:0
end_of_record
SF:lib/di/google_translator_module.dart
DA:6,0
DA:7,0
LF:2
LH:0
end_of_record
SF:lib/di/injection.config.dart
DA:24,5
DA:26,5
DA:27,5
DA:28,5
DA:29,5
DA:30,0
DA:31,5
DA:32,5
DA:33,2
DA:34,5
DA:35,5
DA:36,5
DA:38,5
DA:39,0
DA:40,5
DA:41,15
DA:42,5
DA:43,4
DA:44,2
LF:19
LH:17
end_of_record
SF:lib/features/learning_screen/cubit/learning_cubit.dart
DA:11,5
DA:13,5
DA:15,10
DA:20,5
DA:21,15
DA:22,10
DA:25,1
DA:26,2
DA:27,2
DA:30,1
DA:32,4
DA:35,1
DA:36,2
DA:37,2
DA:40,0
DA:42,0
DA:45,3
DA:48,3
DA:51,2
DA:54,1
DA:59,9
DA:62,1
DA:63,1
LF:23
LH:21
end_of_record
SF:lib/features/make_pair_screen/cubit/pairs_cubit.dart
DA:11,1
DA:13,1
DA:22,1
DA:25,1
DA:26,1
DA:28,1
DA:30,1
DA:31,3
DA:33,1
DA:34,1
DA:36,1
DA:38,1
DA:39,1
DA:40,2
DA:42,1
DA:43,1
DA:45,1
DA:46,1
DA:53,1
DA:54,1
DA:55,2
DA:56,2
DA:58,1
DA:59,1
DA:60,1
DA:61,1
DA:62,1
DA:63,1
DA:64,1
DA:65,0
DA:66,1
DA:71,1
DA:72,1
DA:75,2
DA:76,2
DA:78,1
DA:79,1
DA:85,3
DA:86,3
DA:87,2
DA:88,1
DA:90,1
DA:91,1
DA:95,0
DA:96,3
DA:97,4
DA:98,1
DA:100,1
DA:106,1
DA:107,3
DA:108,3
DA:109,1
DA:110,2
DA:111,2
DA:112,0
DA:114,1
DA:119,1
DA:120,3
DA:121,1
DA:122,1
DA:123,1
DA:124,2
DA:129,3
DA:130,0
DA:131,0
DA:132,0
DA:137,2
DA:142,1
DA:143,1
DA:144,1
DA:147,1
DA:148,1
DA:149,2
DA:152,0
DA:153,0
DA:156,0
DA:157,0
DA:158,0
DA:163,1
DA:165,4
DA:168,4
DA:169,1
DA:170,3
DA:171,1
DA:172,1
DA:173,1
DA:174,2
DA:178,1
DA:179,1
DA:180,1
DA:181,2
DA:186,2
DA:189,2
DA:190,1
DA:191,1
DA:193,2
DA:194,1
DA:195,2
DA:196,2
DA:199,0
DA:200,0
DA:201,0
DA:203,0
DA:204,0
DA:205,0
DA:210,1
DA:211,3
DA:212,3
DA:219,1
DA:220,3
DA:222,3
DA:223,7
DA:226,3
DA:227,7
DA:230,1
DA:231,5
DA:232,1
DA:233,1
DA:234,1
DA:235,4
DA:240,4
DA:243,1
DA:244,5
DA:245,1
DA:246,1
DA:247,1
DA:248,4
DA:253,4
DA:257,1
DA:258,1
DA:261,1
DA:263,2
DA:268,1
DA:269,3
DA:271,3
DA:272,7
DA:275,3
DA:276,4
DA:279,2
DA:281,1
DA:282,5
DA:283,1
DA:284,1
DA:285,1
DA:286,4
DA:291,4
DA:294,1
DA:295,5
DA:296,1
DA:297,1
DA:298,1
DA:299,4
DA:304,4
DA:308,3
DA:309,1
DA:310,1
DA:313,1
DA:318,2
DA:321,1
DA:323,2
DA:324,4
DA:325,2
DA:326,2
DA:328,1
DA:329,3
DA:330,1
DA:331,1
DA:332,1
DA:340,1
DA:341,1
LF:170
LH:153
end_of_record
SF:lib/features/testing_screen.dart/cubit/testing_cubit.dart
DA:12,2
DA:16,2
DA:17,2
DA:25,4
DA:30,1
DA:31,1
DA:34,1
DA:35,2
DA:37,1
DA:39,1
DA:40,1
DA:41,2
DA:43,1
DA:44,1
DA:45,1
DA:47,2
DA:51,1
DA:53,1
DA:54,1
DA:56,1
DA:57,3
DA:61,1
DA:62,2
DA:64,1
DA:65,1
DA:69,1
DA:70,1
DA:73,1
DA:74,2
DA:76,1
DA:78,1
DA:79,1
DA:80,2
DA:82,1
DA:83,1
DA:84,1
DA:86,2
DA:90,1
DA:92,1
DA:93,1
DA:95,1
DA:96,3
DA:100,1
DA:101,2
DA:103,1
DA:104,1
DA:108,2
DA:109,6
DA:110,2
DA:113,2
DA:114,6
DA:115,4
DA:116,1
DA:117,3
DA:119,3
DA:125,12
DA:126,4
DA:128,6
DA:129,8
DA:130,2
DA:131,6
DA:132,6
DA:137,0
DA:138,0
DA:140,0
DA:141,0
DA:153,2
DA:154,2
DA:157,0
LF:69
LH:64
end_of_record
SF:lib/di/seed_module.dart
DA:5,0
DA:7,0
DA:8,0
DA:11,0
DA:13,0
DA:14,0
LF:6
LH:0
end_of_record
SF:lib/di/injection.dart
DA:5,15
DA:7,5
DA:9,10
LF:3
LH:3
end_of_record
SF:lib/features/congratulation_screen/congratulation_screen.dart
DA:8,1
DA:12,1
DA:13,1
DA:20,1
DA:22,1
DA:23,2
DA:24,2
DA:27,1
DA:29,1
DA:30,2
DA:33,1
DA:35,1
DA:37,1
DA:38,1
DA:39,2
DA:40,1
DA:41,1
DA:42,1
DA:43,0
DA:44,0
DA:52,1
DA:54,1
DA:55,1
DA:57,1
DA:58,1
DA:61,3
DA:66,1
DA:67,3
DA:69,3
DA:74,3
DA:75,0
DA:76,0
DA:80,0
DA:83,0
DA:85,0
DA:86,0
DA:87,0
DA:96,1
DA:98,3
DA:105,1
DA:106,1
DA:107,1
DA:111,1
DA:112,1
DA:114,1
DA:115,1
LF:46
LH:37
end_of_record
SF:lib/features/learning_screen/cubit/learning_state.dart
DA:15,2
DA:17,20
DA:19,15
DA:21,30
DA:23,15
LF:5
LH:5
end_of_record
SF:lib/features/learning_screen/learning_screen.dart
DA:9,6
DA:11,5
DA:13,5
DA:14,15
DA:21,6
DA:25,5
DA:27,5
DA:28,10
DA:29,5
DA:31,5
DA:32,5
DA:33,1
DA:34,2
DA:42,5
DA:43,5
DA:44,5
DA:46,5
DA:47,5
DA:48,20
DA:67,6
DA:76,5
DA:78,5
DA:80,5
DA:82,5
DA:83,3
DA:84,9
DA:86,5
DA:87,5
DA:88,5
DA:89,5
DA:90,5
DA:91,15
DA:100,6
DA:104,5
DA:105,5
DA:108,6
DA:117,5
DA:119,5
DA:120,10
DA:121,5
DA:124,5
DA:125,5
DA:126,5
DA:127,0
DA:128,0
DA:131,5
DA:132,0
DA:133,0
DA:136,5
DA:137,0
DA:138,0
DA:143,5
DA:145,5
DA:146,10
DA:149,0
DA:150,0
DA:151,0
DA:152,0
DA:154,0
DA:155,0
DA:158,5
DA:160,5
DA:162,5
DA:163,5
DA:164,5
DA:166,5
DA:167,5
DA:168,5
DA:169,5
DA:170,5
DA:171,5
DA:172,5
DA:173,5
DA:174,10
DA:178,5
DA:179,5
DA:181,3
DA:190,5
DA:192,5
DA:194,5
DA:195,5
DA:196,5
DA:197,5
DA:198,5
DA:200,5
DA:206,0
DA:208,0
DA:212,5
DA:214,5
DA:215,5
DA:216,5
DA:217,10
DA:218,15
DA:225,5
DA:227,5
DA:228,10
DA:229,15
DA:238,5
DA:239,5
DA:240,5
DA:241,5
DA:242,5
DA:243,5
DA:244,1
DA:245,2
DA:249,5
DA:250,5
DA:252,3
LF:108
LH:94
end_of_record
SF:lib/features/make_pair_screen/cubit/pairs_state.dart
DA:19,3
DA:20,4
DA:21,4
DA:23,4
DA:24,4
DA:26,4
DA:27,3
DA:28,2
DA:30,2
DA:31,2
DA:32,2
DA:34,2
LF:12
LH:12
end_of_record
SF:lib/features/make_pair_screen/make_pair_screen.dart
DA:9,1
DA:13,1
DA:15,1
DA:16,3
DA:17,1
DA:25,6
DA:29,1
DA:31,4
DA:32,4
DA:33,1
DA:34,2
DA:35,1
DA:37,1
DA:38,1
DA:39,1
DA:40,2
DA:48,1
DA:49,1
DA:50,1
DA:51,1
DA:52,1
DA:53,1
DA:54,1
DA:55,1
DA:56,1
DA:59,1
DA:61,1
DA:63,2
DA:64,1
DA:65,1
DA:66,1
DA:67,2
DA:68,2
DA:70,1
DA:71,1
DA:72,1
DA:75,1
DA:76,1
DA:80,1
DA:81,1
DA:82,2
DA:84,3
DA:94,1
DA:97,1
DA:99,1
DA:101,2
DA:102,1
DA:103,1
DA:104,1
DA:105,2
DA:106,2
DA:108,1
DA:109,1
DA:110,1
DA:113,1
DA:114,1
DA:118,1
DA:119,1
DA:120,2
DA:122,3
LF:60
LH:60
end_of_record
SF:lib/features/start_screen/start_screen.dart
DA:11,6
DA:13,5
DA:14,5
DA:18,5
DA:20,5
DA:21,10
DA:24,5
DA:26,10
DA:27,5
DA:30,0
DA:32,0
DA:33,0
DA:37,5
DA:39,5
DA:40,10
DA:41,5
DA:43,5
DA:44,5
DA:46,5
DA:47,5
DA:50,15
DA:55,5
DA:56,5
DA:68,5
DA:71,5
DA:73,5
DA:74,5
DA:75,5
DA:76,15
LF:29
LH:26
end_of_record
SF:lib/features/testing_screen.dart/cubit/testing_state.dart
DA:17,4
DA:18,2
DA:19,0
DA:20,6
DA:21,0
DA:23,10
DA:24,2
DA:25,8
DA:26,2
DA:27,8
DA:29,6
LF:11
LH:9
end_of_record
SF:lib/features/testing_screen.dart/testing_screen.dart
DA:10,2
DA:19,2
DA:21,2
DA:22,10
DA:29,6
DA:33,2
DA:35,8
DA:36,2
DA:37,4
DA:38,2
DA:40,2
DA:41,2
DA:42,2
DA:43,4
DA:51,2
DA:52,2
DA:53,2
DA:54,2
DA:55,2
DA:56,2
DA:57,2
DA:58,0
DA:59,2
DA:60,2
DA:62,2
DA:64,2
DA:66,2
DA:67,2
DA:68,2
DA:69,6
DA:76,2
DA:78,2
DA:80,2
DA:82,4
DA:83,2
DA:84,2
DA:86,4
LF:37
LH:36
end_of_record
SF:lib/features/testing_screen.dart/widgets/choise_card.dart
DA:7,2
DA:16,2
DA:18,6
DA:23,2
DA:32,2
DA:34,2
DA:36,2
DA:37,2
DA:38,6
DA:41,2
DA:43,2
DA:44,6
DA:45,4
DA:46,2
DA:48,2
DA:51,2
DA:52,4
LF:17
LH:17
end_of_record
SF:lib/main.dart
DA:15,0
DA:20,0
DA:21,0
DA:25,5
DA:29,5
DA:30,5
DA:32,5
DA:34,5
DA:37,5
DA:38,5
DA:39,5
DA:43,10
DA:48,10
DA:49,10
DA:50,10
DA:57,5
DA:61,5
DA:65,2
DA:66,1
DA:72,2
DA:73,1
DA:79,2
DA:80,1
DA:85,1
DA:86,2
DA:87,1
DA:88,1
LF:27
LH:24
end_of_record
